<?xml version="1.0" encoding="UTF-8"?>
<testng-results skipped="0" failed="1" total="4" passed="3">
  <reporter-output>
  </reporter-output>
  <suite name="Default suite" duration-ms="15065" started-at="2020-10-14T05:51:17Z" finished-at="2020-10-14T05:51:32Z">
    <groups>
    </groups>
    <test name="Default test" duration-ms="15065" started-at="2020-10-14T05:51:17Z" finished-at="2020-10-14T05:51:32Z">
      <class name="com.qa.tests.GetAPITest">
        <test-method status="PASS" signature="setUp()[pri:0, instance:com.qa.tests.GetAPITest@ca263c2]" name="setUp" is-config="true" duration-ms="9256" started-at="2020-10-14T11:21:17Z" finished-at="2020-10-14T11:21:26Z">
          <reporter-output>
          </reporter-output>
        </test-method> <!-- setUp -->
        <test-method status="FAIL" signature="validateCompanyData()[pri:0, instance:com.qa.tests.GetAPITest@ca263c2]" name="validateCompanyData" duration-ms="44" started-at="2020-10-14T11:21:26Z" finished-at="2020-10-14T11:21:27Z">
          <exception class="java.lang.AssertionError">
            <message>
              <![CDATA[expected [ABC Infotech] but found [IG Infotech]]]>
            </message>
            <full-stacktrace>
              <![CDATA[java.lang.AssertionError: expected [ABC Infotech] but found [IG Infotech]
	at org.testng.Assert.fail(Assert.java:94)
	at org.testng.Assert.failNotEquals(Assert.java:494)
	at org.testng.Assert.assertEquals(Assert.java:123)
	at org.testng.Assert.assertEquals(Assert.java:176)
	at org.testng.Assert.assertEquals(Assert.java:186)
	at com.qa.tests.GetAPITest.validateCompanyData(GetAPITest.java:87)
	at sun.reflect.NativeMethodAccessorImpl.invoke0(Native Method)
	at sun.reflect.NativeMethodAccessorImpl.invoke(Unknown Source)
	at sun.reflect.DelegatingMethodAccessorImpl.invoke(Unknown Source)
	at java.lang.reflect.Method.invoke(Unknown Source)
	at org.testng.internal.MethodInvocationHelper.invokeMethod(MethodInvocationHelper.java:80)
	at org.testng.internal.Invoker.invokeMethod(Invoker.java:714)
	at org.testng.internal.Invoker.invokeTestMethod(Invoker.java:901)
	at org.testng.internal.Invoker.invokeTestMethods(Invoker.java:1231)
	at org.testng.internal.TestMethodWorker.invokeTestMethods(TestMethodWorker.java:127)
	at org.testng.internal.TestMethodWorker.run(TestMethodWorker.java:111)
	at org.testng.TestRunner.privateRun(TestRunner.java:767)
	at org.testng.TestRunner.run(TestRunner.java:617)
	at org.testng.SuiteRunner.runTest(SuiteRunner.java:334)
	at org.testng.SuiteRunner.runSequentially(SuiteRunner.java:329)
	at org.testng.SuiteRunner.privateRun(SuiteRunner.java:291)
	at org.testng.SuiteRunner.run(SuiteRunner.java:240)
	at org.testng.SuiteRunnerWorker.runSuite(SuiteRunnerWorker.java:52)
	at org.testng.SuiteRunnerWorker.run(SuiteRunnerWorker.java:86)
	at org.testng.TestNG.runSuitesSequentially(TestNG.java:1198)
	at org.testng.TestNG.runSuitesLocally(TestNG.java:1123)
	at org.testng.TestNG.run(TestNG.java:1031)
	at org.testng.remote.AbstractRemoteTestNG.run(AbstractRemoteTestNG.java:115)
	at org.testng.remote.RemoteTestNG.initAndRun(RemoteTestNG.java:251)
	at org.testng.remote.RemoteTestNG.main(RemoteTestNG.java:77)
]]>
            </full-stacktrace>
          </exception> <!-- java.lang.AssertionError -->
          <reporter-output>
          </reporter-output>
        </test-method> <!-- validateCompanyData -->
        <test-method status="PASS" signature="setUp()[pri:0, instance:com.qa.tests.GetAPITest@ca263c2]" name="setUp" is-config="true" duration-ms="448" started-at="2020-10-14T11:21:27Z" finished-at="2020-10-14T11:21:27Z">
          <reporter-output>
          </reporter-output>
        </test-method> <!-- setUp -->
        <test-method status="PASS" signature="validateResponseBody()[pri:0, instance:com.qa.tests.GetAPITest@ca263c2]" name="validateResponseBody" duration-ms="12" started-at="2020-10-14T11:21:27Z" finished-at="2020-10-14T11:21:27Z">
          <reporter-output>
          </reporter-output>
        </test-method> <!-- validateResponseBody -->
        <test-method status="PASS" signature="setUp()[pri:0, instance:com.qa.tests.GetAPITest@ca263c2]" name="setUp" is-config="true" duration-ms="364" started-at="2020-10-14T11:21:27Z" finished-at="2020-10-14T11:21:27Z">
          <reporter-output>
          </reporter-output>
        </test-method> <!-- setUp -->
        <test-method status="PASS" signature="validateResponseHeader()[pri:0, instance:com.qa.tests.GetAPITest@ca263c2]" name="validateResponseHeader" duration-ms="10" started-at="2020-10-14T11:21:27Z" finished-at="2020-10-14T11:21:27Z">
          <reporter-output>
          </reporter-output>
        </test-method> <!-- validateResponseHeader -->
        <test-method status="PASS" signature="setUp()[pri:0, instance:com.qa.tests.GetAPITest@ca263c2]" name="setUp" is-config="true" duration-ms="491" started-at="2020-10-14T11:21:27Z" finished-at="2020-10-14T11:21:28Z">
          <reporter-output>
          </reporter-output>
        </test-method> <!-- setUp -->
        <test-method status="PASS" signature="validateStatusCode()[pri:0, instance:com.qa.tests.GetAPITest@ca263c2]" name="validateStatusCode" duration-ms="4351" started-at="2020-10-14T11:21:28Z" finished-at="2020-10-14T11:21:32Z">
          <reporter-output>
          </reporter-output>
        </test-method> <!-- validateStatusCode -->
      </class> <!-- com.qa.tests.GetAPITest -->
    </test> <!-- Default test -->
  </suite> <!-- Default suite -->
</testng-results>
